<?xml version="1.0" encoding="UTF-8"?>
<!-- Generated by org.testng.reporters.JUnitReportReporter -->
<testsuite hostname="MSI" failures="0" tests="2" name="testscripts.LoginPageScript" time="11.917" errors="0" timestamp="2022-09-17T13:48:21 ICT" skipped="0">
  <testcase classname="testscripts.LoginPageScript" name="testByForLoop" time="9.596"/>
  <system-out/>
  <testcase classname="testscripts.LoginPageScript" name="TC01_LoginSuccess" time="2.321"/>
  <system-out/>
</testsuite> <!-- testscripts.LoginPageScript -->
