<?xml version="1.0" encoding="UTF-8"?>
<!-- Generated by org.testng.reporters.JUnitReportReporter -->
<testsuite hostname="MSI" failures="0" tests="1" name="testscripts.LogoutPageScript" time="6.036" errors="0" timestamp="2022-09-17T13:48:21 ICT" skipped="0">
  <testcase classname="testscripts.LogoutPageScript" name="testLogoutFuntion" time="6.036"/>
  <system-out/>
</testsuite> <!-- testscripts.LogoutPageScript -->
