<?xml version="1.0" encoding="UTF-8"?>
<!-- Generated by org.testng.reporters.JUnitReportReporter -->
<testsuite hostname="MSI" failures="0" tests="1" name="testscripts.HomePageScript" time="2.010" errors="0" timestamp="2022-09-17T13:48:21 ICT" skipped="0">
  <testcase classname="testscripts.HomePageScript" name="verifyLinkLogin" time="2.010"/>
  <system-out/>
</testsuite> <!-- testscripts.HomePageScript -->
